Using pre-set license
Built from '2022.3/staging' branch; Version is '2022.3.4f1 (35713cd46cd7) revision 3502396'; Using compiler version '192829333'; Build Type 'Release'
OS: 'Windows 10  (10.0.19045) 64bit Enterprise' Language: 'en' Physical Memory: 65237 MB
BatchMode: 1, IsHumanControllingUs: 0, StartBugReporterOnCrash: 0, Is64bit: 1, IsPro: 1

COMMAND LINE ARGUMENTS:
C:\Program Files\Unity 2022.3.4f1\Editor\Unity.exe
-adb2
-batchMode
-noUpm
-name
AssetImportWorker1
-projectPath
D:/2023/Penda/GAM1002/ProjectBase
-logFile
Logs/AssetImportWorker1.log
-srvPort
59725
Successfully changed project path to: D:/2023/Penda/GAM1002/ProjectBase
D:/2023/Penda/GAM1002/ProjectBase
[UnityMemory] Configuration Parameters - Can be set up in boot.config
    "memorysetup-bucket-allocator-granularity=16"
    "memorysetup-bucket-allocator-bucket-count=8"
    "memorysetup-bucket-allocator-block-size=33554432"
    "memorysetup-bucket-allocator-block-count=8"
    "memorysetup-main-allocator-block-size=16777216"
    "memorysetup-thread-allocator-block-size=16777216"
    "memorysetup-gfx-main-allocator-block-size=16777216"
    "memorysetup-gfx-thread-allocator-block-size=16777216"
    "memorysetup-cache-allocator-block-size=4194304"
    "memorysetup-typetree-allocator-block-size=2097152"
    "memorysetup-profiler-bucket-allocator-granularity=16"
    "memorysetup-profiler-bucket-allocator-bucket-count=8"
    "memorysetup-profiler-bucket-allocator-block-size=33554432"
    "memorysetup-profiler-bucket-allocator-block-count=8"
    "memorysetup-profiler-allocator-block-size=16777216"
    "memorysetup-profiler-editor-allocator-block-size=1048576"
    "memorysetup-temp-allocator-size-main=16777216"
    "memorysetup-job-temp-allocator-block-size=2097152"
    "memorysetup-job-temp-allocator-block-size-background=1048576"
    "memorysetup-job-temp-allocator-reduction-small-platforms=262144"
    "memorysetup-allocator-temp-initial-block-size-main=262144"
    "memorysetup-allocator-temp-initial-block-size-worker=262144"
    "memorysetup-temp-allocator-size-background-worker=32768"
    "memorysetup-temp-allocator-size-job-worker=262144"
    "memorysetup-temp-allocator-size-preload-manager=33554432"
    "memorysetup-temp-allocator-size-nav-mesh-worker=65536"
    "memorysetup-temp-allocator-size-audio-worker=65536"
    "memorysetup-temp-allocator-size-cloud-worker=32768"
    "memorysetup-temp-allocator-size-gi-baking-worker=262144"
    "memorysetup-temp-allocator-size-gfx=262144"
Player connection [13416] Host "[IP] 10.129.3.142 [Port] 0 [Flags] 2 [Guid] 3265644002 [EditorId] 3265644002 [Version] 1048832 [Id] WindowsEditor(7,DMW5PC2) [Debug] 1 [PackageName] WindowsEditor [ProjectName] Editor" joined multi-casting on [225.0.0.222:54997]...

Player connection [13416] Host "[IP] 10.129.3.142 [Port] 0 [Flags] 2 [Guid] 3265644002 [EditorId] 3265644002 [Version] 1048832 [Id] WindowsEditor(7,DMW5PC2) [Debug] 1 [PackageName] WindowsEditor [ProjectName] Editor" joined alternative multi-casting on [225.0.0.222:34997]...

Refreshing native plugins compatible for Editor in 7.87 ms, found 2 plugins.
Preloading 0 native plugins for Editor in 0.00 ms.
Initialize engine version: 2022.3.4f1 (35713cd46cd7)
[Subsystems] Discovering subsystems at path C:/Program Files/Unity 2022.3.4f1/Editor/Data/Resources/UnitySubsystems
[Subsystems] Discovering subsystems at path D:/2023/Penda/GAM1002/ProjectBase/Assets
GfxDevice: creating device client; threaded=0; jobified=0
Direct3D:
    Version:  Direct3D 11.0 [level 11.1]
    Renderer: NVIDIA GeForce GTX 1080 Ti (ID=0x1b06)
    Vendor:   NVIDIA
    VRAM:     11120 MB
    Driver:   31.0.15.3667
Initialize mono
Mono path[0] = 'C:/Program Files/Unity 2022.3.4f1/Editor/Data/Managed'
Mono path[1] = 'C:/Program Files/Unity 2022.3.4f1/Editor/Data/MonoBleedingEdge/lib/mono/unityjit-win32'
Mono config path = 'C:/Program Files/Unity 2022.3.4f1/Editor/Data/MonoBleedingEdge/etc'
Using monoOptions --debugger-agent=transport=dt_socket,embedding=1,server=y,suspend=n,address=127.0.0.1:56564
Begin MonoManager ReloadAssembly
Registering precompiled unity dll's ...
Register platform support module: C:/Program Files/Unity 2022.3.4f1/Editor/Data/PlaybackEngines/WebGLSupport/UnityEditor.WebGL.Extensions.dll
Register platform support module: C:/Program Files/Unity 2022.3.4f1/Editor/Data/PlaybackEngines/MacStandaloneSupport/UnityEditor.OSXStandalone.Extensions.dll
Register platform support module: C:/Program Files/Unity 2022.3.4f1/Editor/Data/PlaybackEngines/AndroidPlayer/UnityEditor.Android.Extensions.dll
Register platform support module: C:/Program Files/Unity 2022.3.4f1/Editor/Data/PlaybackEngines/iOSSupport/UnityEditor.iOS.Extensions.dll
Register platform support module: C:/Program Files/Unity 2022.3.4f1/Editor/Data/PlaybackEngines/WindowsStandaloneSupport/UnityEditor.WindowsStandalone.Extensions.dll
Register platform support module: C:/Program Files/Unity 2022.3.4f1/Editor/Data/PlaybackEngines/MetroSupport/UnityEditor.UWP.Extensions.dll
Registered in 0.014104 seconds.
- Loaded All Assemblies, in  0.360 seconds
Native extension for UWP target not found
Native extension for WindowsStandalone target not found
[usbmuxd] Start listen thread
[usbmuxd] Listen thread started
Native extension for iOS target not found
Native extension for Android target not found
Android Extension - Scanning For ADB Devices 347 ms
Native extension for OSXStandalone target not found
Native extension for WebGL target not found
Mono: successfully reloaded assembly
- Finished resetting the current domain, in  0.721 seconds
Domain Reload Profiling: 1079ms
	BeginReloadAssembly (85ms)
		ExecutionOrderSort (0ms)
		DisableScriptedObjects (0ms)
		BackupInstance (0ms)
		ReleaseScriptingObjects (0ms)
		CreateAndSetChildDomain (1ms)
	RebuildCommonClasses (36ms)
	RebuildNativeTypeToScriptingClass (11ms)
	initialDomainReloadingComplete (63ms)
	LoadAllAssembliesAndSetupDomain (164ms)
		LoadAssemblies (83ms)
		RebuildTransferFunctionScriptingTraits (0ms)
		AnalyzeDomain (157ms)
			TypeCache.Refresh (156ms)
				TypeCache.ScanAssembly (143ms)
			ScanForSourceGeneratedMonoScriptInfo (0ms)
			ResolveRequiredComponents (0ms)
	FinalizeReload (721ms)
		ReleaseScriptCaches (0ms)
		RebuildScriptCaches (0ms)
		SetupLoadedEditorAssemblies (666ms)
			LogAssemblyErrors (0ms)
			InitializePlatformSupportModulesInManaged (500ms)
			SetLoadedEditorAssemblies (10ms)
			RefreshPlugins (0ms)
			BeforeProcessingInitializeOnLoad (6ms)
			ProcessInitializeOnLoadAttributes (99ms)
			ProcessInitializeOnLoadMethodAttributes (51ms)
			AfterProcessingInitializeOnLoad (0ms)
			EditorAssembliesLoaded (0ms)
		ExecutionOrderSort2 (0ms)
		AwakeInstancesAfterBackupRestoration (0ms)
========================================================================
Worker process is ready to serve import requests
Begin MonoManager ReloadAssembly
Symbol file LoadedFromMemory is not a mono symbol file
- Loaded All Assemblies, in  0.880 seconds
Refreshing native plugins compatible for Editor in 6.54 ms, found 2 plugins.
Native extension for UWP target not found
Native extension for WindowsStandalone target not found
Native extension for iOS target not found
Native extension for Android target not found
Native extension for OSXStandalone target not found
Native extension for WebGL target not found
Mono: successfully reloaded assembly
- Finished resetting the current domain, in  0.711 seconds
Domain Reload Profiling: 1589ms
	BeginReloadAssembly (196ms)
		ExecutionOrderSort (0ms)
		DisableScriptedObjects (5ms)
		BackupInstance (0ms)
		ReleaseScriptingObjects (0ms)
		CreateAndSetChildDomain (27ms)
	RebuildCommonClasses (70ms)
	RebuildNativeTypeToScriptingClass (11ms)
	initialDomainReloadingComplete (37ms)
	LoadAllAssembliesAndSetupDomain (564ms)
		LoadAssemblies (347ms)
		RebuildTransferFunctionScriptingTraits (0ms)
		AnalyzeDomain (315ms)
			TypeCache.Refresh (264ms)
				TypeCache.ScanAssembly (245ms)
			ScanForSourceGeneratedMonoScriptInfo (43ms)
			ResolveRequiredComponents (8ms)
	FinalizeReload (712ms)
		ReleaseScriptCaches (0ms)
		RebuildScriptCaches (0ms)
		SetupLoadedEditorAssemblies (492ms)
			LogAssemblyErrors (0ms)
			InitializePlatformSupportModulesInManaged (35ms)
			SetLoadedEditorAssemblies (3ms)
			RefreshPlugins (0ms)
			BeforeProcessingInitializeOnLoad (52ms)
			ProcessInitializeOnLoadAttributes (219ms)
			ProcessInitializeOnLoadMethodAttributes (176ms)
			AfterProcessingInitializeOnLoad (7ms)
			EditorAssembliesLoaded (0ms)
		ExecutionOrderSort2 (0ms)
		AwakeInstancesAfterBackupRestoration (7ms)
Launched and connected shader compiler UnityShaderCompiler.exe after 0.10 seconds
Refreshing native plugins compatible for Editor in 7.63 ms, found 2 plugins.
Preloading 0 native plugins for Editor in 0.00 ms.
Unloading 2534 Unused Serialized files (Serialized files now loaded: 0)
Unloading 61 unused Assets / (68.2 KB). Loaded Objects now: 2983.
Memory consumption went from 113.6 MB to 113.6 MB.
Total: 9.782700 ms (FindLiveObjects: 0.291500 ms CreateObjectMapping: 0.195000 ms MarkObjects: 9.109400 ms  DeleteObjects: 0.185500 ms)

AssetImportParameters requested are different than current active one (requested -> active):
  custom:video-decoder-webm-vp8: 9c59270c3fd7afecdb556c50c9e8de78 -> 
  custom:container-demuxer-ogg: 62fdf1f143b41e24485cea50d1cbac27 -> 
  custom:AudioImporter_EditorPlatform: d09bf68614088b80899f8185d706f6e7 -> 
  custom:video-decoder-ogg-theora: a1e56fd34408186e4bbccfd4996cb3dc -> 
  custom:framework-win-MediaFoundation: 216162199b28c13a410421893ffa2e32 -> 
  custom:video-encoder-webm-vp8: eb34c28f22e8b96e1ab97ce403110664 -> 
  custom:audio-decoder-ogg-vorbis: bf7c407c2cedff20999df2af8eb42d56 -> 
  custom:container-demuxer-webm: 4f35f7cbe854078d1ac9338744f61a02 -> 
  custom:audio-encoder-webm-vorbis: bf7c407c2cedff20999df2af8eb42d56 -> 
  custom:container-muxer-webm: aa71ff27fc2769a1b78a27578f13a17b -> 
========================================================================
Received Import Request.
  Time since last request: 43512.885591 seconds.
  path: Assets/Scenes
  artifactKey: Guid(ff6681c9e1e9e824388bae336f1a5448) Importer(815301076,1909f56bfc062723c751e8b465ee728b)
Start importing Assets/Scenes using Guid(ff6681c9e1e9e824388bae336f1a5448) Importer(815301076,1909f56bfc062723c751e8b465ee728b)  -> (artifact id: '4d8e927156723b71e02870670ee121a8') in 0.002758 seconds
Number of updated asset objects reloaded before import = 0
Number of asset objects unloaded after import = 0
========================================================================
Received Import Request.
  Time since last request: 24.852661 seconds.
  path: Assets/2DGraphics/cursor.png
  artifactKey: Guid(054ab3af63a91ff449367d38a591955b) Importer(815301076,1909f56bfc062723c751e8b465ee728b)
Start importing Assets/2DGraphics/cursor.png using Guid(054ab3af63a91ff449367d38a591955b) Importer(815301076,1909f56bfc062723c751e8b465ee728b)  -> (artifact id: 'd4bc0979b46688057e0bc5251840530d') in 0.056505 seconds
Number of updated asset objects reloaded before import = 0
Number of asset objects unloaded after import = 2
========================================================================
Received Import Request.
  Time since last request: 0.000021 seconds.
  path: Assets/2DGraphics/grid200.png
  artifactKey: Guid(1e6c869f88aa0834d8d31ccbed3ead88) Importer(815301076,1909f56bfc062723c751e8b465ee728b)
Start importing Assets/2DGraphics/grid200.png using Guid(1e6c869f88aa0834d8d31ccbed3ead88) Importer(815301076,1909f56bfc062723c751e8b465ee728b)  -> (artifact id: 'b86f38443152397181e7f3b1588b6f0c') in 0.015525 seconds
Number of updated asset objects reloaded before import = 0
Number of asset objects unloaded after import = 2
========================================================================
Received Import Request.
  Time since last request: 0.000037 seconds.
  path: Assets/2DGraphics/Treb_message.png
  artifactKey: Guid(44e3becd88165dc46a712a3ec98aaeaa) Importer(815301076,1909f56bfc062723c751e8b465ee728b)
Start importing Assets/2DGraphics/Treb_message.png using Guid(44e3becd88165dc46a712a3ec98aaeaa) Importer(815301076,1909f56bfc062723c751e8b465ee728b)  -> (artifact id: 'ba9377fe209e442ad4bb88b87ce1448a') in 0.047741 seconds
Number of updated asset objects reloaded before import = 0
Number of asset objects unloaded after import = 2
========================================================================
Received Import Request.
  Time since last request: 0.000024 seconds.
  path: Assets/2DGraphics/one_square.bmp
  artifactKey: Guid(4f886820304b3504198709c7935f2ced) Importer(815301076,1909f56bfc062723c751e8b465ee728b)
Start importing Assets/2DGraphics/one_square.bmp using Guid(4f886820304b3504198709c7935f2ced) Importer(815301076,1909f56bfc062723c751e8b465ee728b)  -> (artifact id: '8e6fd7cf9339084044408bb80e155349') in 0.018760 seconds
Number of updated asset objects reloaded before import = 0
Number of asset objects unloaded after import = 2
========================================================================
Received Import Request.
  Time since last request: 0.690744 seconds.
  path: Assets/3DAsset/Trebuchet_Arm2.fbx
  artifactKey: Guid(586b1405c3df334428b9c0ad42c3fe31) Importer(815301076,1909f56bfc062723c751e8b465ee728b)
Start importing Assets/3DAsset/Trebuchet_Arm2.fbx using Guid(586b1405c3df334428b9c0ad42c3fe31) Importer(815301076,1909f56bfc062723c751e8b465ee728b)  -> (artifact id: '174173df6bda1b6759007278476d74b5') in 0.332124 seconds
Number of updated asset objects reloaded before import = 0
Number of asset objects unloaded after import = 7
========================================================================
Received Import Request.
  Time since last request: 2.304898 seconds.
  path: Assets/Materials/Blue.mat
  artifactKey: Guid(1b138fc2944b05748904242f192a4cb4) Importer(815301076,1909f56bfc062723c751e8b465ee728b)
Start importing Assets/Materials/Blue.mat using Guid(1b138fc2944b05748904242f192a4cb4) Importer(815301076,1909f56bfc062723c751e8b465ee728b)  -> (artifact id: 'e42d5f104c5faf5ac9c63c0451960e6e') in 0.241688 seconds
Number of updated asset objects reloaded before import = 0
Number of asset objects unloaded after import = 1
========================================================================
Received Import Request.
  Time since last request: 0.000022 seconds.
  path: Assets/Materials/Red.mat
  artifactKey: Guid(5fed807d3e7c5ef4d9ef8c4cd072b3dd) Importer(815301076,1909f56bfc062723c751e8b465ee728b)
Start importing Assets/Materials/Red.mat using Guid(5fed807d3e7c5ef4d9ef8c4cd072b3dd) Importer(815301076,1909f56bfc062723c751e8b465ee728b)  -> (artifact id: '2d0658e42d87d163a4b20131ef826f12') in 0.012147 seconds
Number of updated asset objects reloaded before import = 0
Number of asset objects unloaded after import = 1
========================================================================
Received Import Request.
  Time since last request: 0.000029 seconds.
  path: Assets/Materials/Ch30_Body1.mat
  artifactKey: Guid(7816f0c6822c4d1439fa5b2a7472b30e) Importer(815301076,1909f56bfc062723c751e8b465ee728b)
Start importing Assets/Materials/Ch30_Body1.mat using Guid(7816f0c6822c4d1439fa5b2a7472b30e) Importer(815301076,1909f56bfc062723c751e8b465ee728b)  -> (artifact id: '9f2ed1c982ae386f52eb0a03374f56f5') in 0.013592 seconds
Number of updated asset objects reloaded before import = 0
Number of asset objects unloaded after import = 1
========================================================================
Received Import Request.
  Time since last request: 0.000017 seconds.
  path: Assets/Materials/Grid_05_15mX100m.mat
  artifactKey: Guid(c1ae19c02fd1b5d42ad9ad7fe18c6937) Importer(815301076,1909f56bfc062723c751e8b465ee728b)
Start importing Assets/Materials/Grid_05_15mX100m.mat using Guid(c1ae19c02fd1b5d42ad9ad7fe18c6937) Importer(815301076,1909f56bfc062723c751e8b465ee728b)  -> (artifact id: '29176b8c06a9255b003f36a67d277987') in 0.011661 seconds
Number of updated asset objects reloaded before import = 0
Number of asset objects unloaded after import = 1
========================================================================
Received Import Request.
  Time since last request: 0.000018 seconds.
  path: Assets/Materials/Grid_01.mat
  artifactKey: Guid(affc6d3e8edbc174aa7a7bd24a81ae59) Importer(815301076,1909f56bfc062723c751e8b465ee728b)
Start importing Assets/Materials/Grid_01.mat using Guid(affc6d3e8edbc174aa7a7bd24a81ae59) Importer(815301076,1909f56bfc062723c751e8b465ee728b)  -> (artifact id: 'a8a02480f5737b1ce0bf1ed2860f3c8e') in 0.011997 seconds
Number of updated asset objects reloaded before import = 0
Number of asset objects unloaded after import = 2
========================================================================
Received Import Request.
  Time since last request: 0.000017 seconds.
  path: Assets/Materials/Dark Pink.mat
  artifactKey: Guid(49763f25ff9610f479b180f8cd088935) Importer(815301076,1909f56bfc062723c751e8b465ee728b)
Start importing Assets/Materials/Dark Pink.mat using Guid(49763f25ff9610f479b180f8cd088935) Importer(815301076,1909f56bfc062723c751e8b465ee728b)  -> (artifact id: 'fa13b3eb049e3f41ae4f639e119e92d7') in 0.012554 seconds
Number of updated asset objects reloaded before import = 0
Number of asset objects unloaded after import = 1
========================================================================
Received Import Request.
  Time since last request: 0.000015 seconds.
  path: Assets/Materials/Yellow.mat
  artifactKey: Guid(903d8fb0c7394cc43b0bc11d0aec600c) Importer(815301076,1909f56bfc062723c751e8b465ee728b)
Start importing Assets/Materials/Yellow.mat using Guid(903d8fb0c7394cc43b0bc11d0aec600c) Importer(815301076,1909f56bfc062723c751e8b465ee728b)  -> (artifact id: 'bad0eca15485e8480d7148140633d2bd') in 0.011260 seconds
Number of updated asset objects reloaded before import = 0
Number of asset objects unloaded after import = 1
========================================================================
Received Import Request.
  Time since last request: 0.000018 seconds.
  path: Assets/Materials/Goal Gold.mat
  artifactKey: Guid(07780b954436f65409e4e671fa1e0f30) Importer(815301076,1909f56bfc062723c751e8b465ee728b)
Start importing Assets/Materials/Goal Gold.mat using Guid(07780b954436f65409e4e671fa1e0f30) Importer(815301076,1909f56bfc062723c751e8b465ee728b)  -> (artifact id: '9ccd44b29098c8c767a640d7aec5e1ba') in 0.012012 seconds
Number of updated asset objects reloaded before import = 0
Number of asset objects unloaded after import = 1
========================================================================
Received Import Request.
  Time since last request: 0.000019 seconds.
  path: Assets/Materials/Ch30_Body.mat
  artifactKey: Guid(4466bb7897628f641a8951cb9cb4993b) Importer(815301076,1909f56bfc062723c751e8b465ee728b)
Start importing Assets/Materials/Ch30_Body.mat using Guid(4466bb7897628f641a8951cb9cb4993b) Importer(815301076,1909f56bfc062723c751e8b465ee728b)  -> (artifact id: '2883cc9b27a7716adbbc6b277551842b') in 0.012034 seconds
Number of updated asset objects reloaded before import = 0
Number of asset objects unloaded after import = 1
========================================================================
Received Import Request.
  Time since last request: 0.000017 seconds.
  path: Assets/Materials/Treb_message.mat
  artifactKey: Guid(32a94860caf19b84aae96244b3e4f487) Importer(815301076,1909f56bfc062723c751e8b465ee728b)
Start importing Assets/Materials/Treb_message.mat using Guid(32a94860caf19b84aae96244b3e4f487) Importer(815301076,1909f56bfc062723c751e8b465ee728b)  -> (artifact id: '58336cc08514ac304f195c82ce31ecee') in 0.014007 seconds
Number of updated asset objects reloaded before import = 0
Number of asset objects unloaded after import = 2
========================================================================
Received Import Request.
  Time since last request: 1.511601 seconds.
  path: Assets/Prefabs/BaseCanvas.prefab
  artifactKey: Guid(26560bcb6e0bdcb48a2dd8ec86f44da4) Importer(815301076,1909f56bfc062723c751e8b465ee728b)
Start importing Assets/Prefabs/BaseCanvas.prefab using Guid(26560bcb6e0bdcb48a2dd8ec86f44da4) Importer(815301076,1909f56bfc062723c751e8b465ee728b)  -> (artifact id: '14c3eed53edf5fab2bb2c496fb092cbf') in 0.009958 seconds
Number of updated asset objects reloaded before import = 0
Number of asset objects unloaded after import = 24
========================================================================
Received Import Request.
  Time since last request: 0.000024 seconds.
  path: Assets/Prefabs/Slide with flap.prefab
  artifactKey: Guid(703859c5eca778a4aa7ab7560970c0a9) Importer(815301076,1909f56bfc062723c751e8b465ee728b)
Start importing Assets/Prefabs/Slide with flap.prefab using Guid(703859c5eca778a4aa7ab7560970c0a9) Importer(815301076,1909f56bfc062723c751e8b465ee728b)  -> (artifact id: '17e0ee76fc243fd47ea21ca4a5df7de4') in 0.016584 seconds
Number of updated asset objects reloaded before import = 0
Number of asset objects unloaded after import = 36
========================================================================
Received Import Request.
  Time since last request: 0.000027 seconds.
  path: Assets/Prefabs/DeathFloor.prefab
  artifactKey: Guid(0f32376ac3642074aa51489b5481f76f) Importer(815301076,1909f56bfc062723c751e8b465ee728b)
Start importing Assets/Prefabs/DeathFloor.prefab using Guid(0f32376ac3642074aa51489b5481f76f) Importer(815301076,1909f56bfc062723c751e8b465ee728b)  -> (artifact id: 'c7d5de305687ab4fd4d2c4de79f5406a') in 0.002243 seconds
Number of updated asset objects reloaded before import = 0
Number of asset objects unloaded after import = 6
========================================================================
Received Import Request.
  Time since last request: 0.000016 seconds.
  path: Assets/Prefabs/SpawnerSwitch.prefab
  artifactKey: Guid(8816fde64ce34f2429bea4d0b3337ab7) Importer(815301076,1909f56bfc062723c751e8b465ee728b)
Start importing Assets/Prefabs/SpawnerSwitch.prefab using Guid(8816fde64ce34f2429bea4d0b3337ab7) Importer(815301076,1909f56bfc062723c751e8b465ee728b)  -> (artifact id: 'ddd8830869b7507c3cb2ec412dfc4991') in 0.012634 seconds
Number of updated asset objects reloaded before import = 0
Number of asset objects unloaded after import = 12
========================================================================
Received Import Request.
  Time since last request: 0.000022 seconds.
  path: Assets/Prefabs/Player_Character_1st.prefab
  artifactKey: Guid(d01ffce2a3792094592f12724313c015) Importer(815301076,1909f56bfc062723c751e8b465ee728b)
Start importing Assets/Prefabs/Player_Character_1st.prefab using Guid(d01ffce2a3792094592f12724313c015) Importer(815301076,1909f56bfc062723c751e8b465ee728b)  -> (artifact id: '4da08ffcad52b715991851106c997e88') in 0.016611 seconds
Number of updated asset objects reloaded before import = 0
Number of asset objects unloaded after import = 26
========================================================================
Received Import Request.
  Time since last request: 0.000019 seconds.
  path: Assets/Prefabs/Treb.prefab
  artifactKey: Guid(d2362be1baec8f0469e0de6a47eb3db4) Importer(815301076,1909f56bfc062723c751e8b465ee728b)
Start importing Assets/Prefabs/Treb.prefab using Guid(d2362be1baec8f0469e0de6a47eb3db4) Importer(815301076,1909f56bfc062723c751e8b465ee728b)  -> (artifact id: '8569c1fe985c3a19967e5b545c726a57') in 0.014045 seconds
Number of updated asset objects reloaded before import = 0
Number of asset objects unloaded after import = 63
========================================================================
Received Import Request.
  Time since last request: 0.000016 seconds.
  path: Assets/Prefabs/WallOfPhysicsCubes.prefab
  artifactKey: Guid(1d64be3d10026724bbb8b8b3bf7c856f) Importer(815301076,1909f56bfc062723c751e8b465ee728b)
Start importing Assets/Prefabs/WallOfPhysicsCubes.prefab using Guid(1d64be3d10026724bbb8b8b3bf7c856f) Importer(815301076,1909f56bfc062723c751e8b465ee728b)  -> (artifact id: 'ebf0e9cfa360486d899750667f264101') in 0.017002 seconds
Number of updated asset objects reloaded before import = 0
Number of asset objects unloaded after import = 389
========================================================================
Received Import Request.
  Time since last request: 0.000017 seconds.
  path: Assets/Prefabs/Player_Character_3rd.prefab
  artifactKey: Guid(bb4c2ede758ac5b469b91f1d40ccabc0) Importer(815301076,1909f56bfc062723c751e8b465ee728b)
Start importing Assets/Prefabs/Player_Character_3rd.prefab using Guid(bb4c2ede758ac5b469b91f1d40ccabc0) Importer(815301076,1909f56bfc062723c751e8b465ee728b)  -> (artifact id: '74fcbbe47c8639f32b4a9ecbe62cd94e') in 0.012442 seconds
Number of updated asset objects reloaded before import = 0
Number of asset objects unloaded after import = 26
========================================================================
Received Import Request.
  Time since last request: 0.000023 seconds.
  path: Assets/Prefabs/Non-physicsTrebuchet 1.prefab
  artifactKey: Guid(887bd96dff6d9f740bcab71ebcbc7a14) Importer(815301076,1909f56bfc062723c751e8b465ee728b)
Start importing Assets/Prefabs/Non-physicsTrebuchet 1.prefab using Guid(887bd96dff6d9f740bcab71ebcbc7a14) Importer(815301076,1909f56bfc062723c751e8b465ee728b)  -> (artifact id: '52d1e0dd3ffabbdefded570a9056c162') in 0.030116 seconds
Internal: There are remaining Allocations on the JobTempAlloc. This is a leak, and will impact performance
To Debug, run app with -diag-job-temp-memory-leak-validation cmd line argument. This will output the callstacks of the leaked allocations.
Number of updated asset objects reloaded before import = 0
Number of asset objects unloaded after import = 87
========================================================================
Received Import Request.
  Time since last request: 3.848428 seconds.
  path: Assets/Scripts/Data/HubDoor01.asset
  artifactKey: Guid(d22287f4aac612f4ba7e1e2f32337706) Importer(815301076,1909f56bfc062723c751e8b465ee728b)
Start importing Assets/Scripts/Data/HubDoor01.asset using Guid(d22287f4aac612f4ba7e1e2f32337706) Importer(815301076,1909f56bfc062723c751e8b465ee728b)  -> (artifact id: '7489b5ccd5b6938df1ec498c195fd2cf') in 0.001138 seconds
Internal: There are remaining Allocations on the JobTempAlloc. This is a leak, and will impact performance
To Debug, run app with -diag-job-temp-memory-leak-validation cmd line argument. This will output the callstacks of the leaked allocations.
Number of updated asset objects reloaded before import = 0
Number of asset objects unloaded after import = 1
========================================================================
Received Import Request.
  Time since last request: 0.000329 seconds.
  path: Assets/Scripts/Data/SampleStarterDoorData.asset
  artifactKey: Guid(bacc78a45d38c314eaaaf711d496fd6e) Importer(815301076,1909f56bfc062723c751e8b465ee728b)
Start importing Assets/Scripts/Data/SampleStarterDoorData.asset using Guid(bacc78a45d38c314eaaaf711d496fd6e) Importer(815301076,1909f56bfc062723c751e8b465ee728b)  -> (artifact id: 'ffc2dcf4ff14c10308921136dd2b0d52') in 0.000770 seconds
Internal: There are remaining Allocations on the JobTempAlloc. This is a leak, and will impact performance
To Debug, run app with -diag-job-temp-memory-leak-validation cmd line argument. This will output the callstacks of the leaked allocations.
Number of updated asset objects reloaded before import = 0
Number of asset objects unloaded after import = 1
========================================================================
Received Prepare
Begin MonoManager ReloadAssembly
Symbol file LoadedFromMemory is not a mono symbol file
- Loaded All Assemblies, in  0.665 seconds
Refreshing native plugins compatible for Editor in 4.18 ms, found 2 plugins.
Native extension for UWP target not found
Native extension for WindowsStandalone target not found
Native extension for iOS target not found
Native extension for Android target not found
Native extension for OSXStandalone target not found
Native extension for WebGL target not found
Mono: successfully reloaded assembly
- Finished resetting the current domain, in  0.764 seconds
Domain Reload Profiling: 1426ms
	BeginReloadAssembly (147ms)
		ExecutionOrderSort (0ms)
		DisableScriptedObjects (5ms)
		BackupInstance (0ms)
		ReleaseScriptingObjects (0ms)
		CreateAndSetChildDomain (48ms)
	RebuildCommonClasses (37ms)
	RebuildNativeTypeToScriptingClass (11ms)
	initialDomainReloadingComplete (28ms)
	LoadAllAssembliesAndSetupDomain (439ms)
		LoadAssemblies (255ms)
		RebuildTransferFunctionScriptingTraits (0ms)
		AnalyzeDomain (245ms)
			TypeCache.Refresh (241ms)
				TypeCache.ScanAssembly (226ms)
			ScanForSourceGeneratedMonoScriptInfo (0ms)
			ResolveRequiredComponents (3ms)
	FinalizeReload (764ms)
		ReleaseScriptCaches (0ms)
		RebuildScriptCaches (0ms)
		SetupLoadedEditorAssemblies (485ms)
			LogAssemblyErrors (0ms)
			InitializePlatformSupportModulesInManaged (39ms)
			SetLoadedEditorAssemblies (3ms)
			RefreshPlugins (0ms)
			BeforeProcessingInitializeOnLoad (65ms)
			ProcessInitializeOnLoadAttributes (209ms)
			ProcessInitializeOnLoadMethodAttributes (161ms)
			AfterProcessingInitializeOnLoad (8ms)
			EditorAssembliesLoaded (0ms)
		ExecutionOrderSort2 (0ms)
		AwakeInstancesAfterBackupRestoration (8ms)
Refreshing native plugins compatible for Editor in 7.60 ms, found 2 plugins.
Preloading 0 native plugins for Editor in 0.00 ms.
Unloading 2513 Unused Serialized files (Serialized files now loaded: 0)
Unloading 48 unused Assets / (41.7 KB). Loaded Objects now: 3038.
Memory consumption went from 110.2 MB to 110.1 MB.
Total: 15.758500 ms (FindLiveObjects: 0.341300 ms CreateObjectMapping: 0.219100 ms MarkObjects: 15.103800 ms  DeleteObjects: 0.092900 ms)

Prepare: number of updated asset objects reloaded= 0
AssetImportParameters requested are different than current active one (requested -> active):
  custom:video-decoder-webm-vp8: 9c59270c3fd7afecdb556c50c9e8de78 -> 
  custom:container-demuxer-ogg: 62fdf1f143b41e24485cea50d1cbac27 -> 
  custom:AudioImporter_EditorPlatform: d09bf68614088b80899f8185d706f6e7 -> 
  custom:video-decoder-ogg-theora: a1e56fd34408186e4bbccfd4996cb3dc -> 
  custom:framework-win-MediaFoundation: 216162199b28c13a410421893ffa2e32 -> 
  custom:video-encoder-webm-vp8: eb34c28f22e8b96e1ab97ce403110664 -> 
  custom:audio-decoder-ogg-vorbis: bf7c407c2cedff20999df2af8eb42d56 -> 
  custom:CustomObjectIndexerAttribute: 756ad292c208cfabdd7b50bc23989ffe -> 
  custom:container-demuxer-webm: 4f35f7cbe854078d1ac9338744f61a02 -> 
  custom:audio-encoder-webm-vorbis: bf7c407c2cedff20999df2af8eb42d56 -> 
  custom:container-muxer-webm: aa71ff27fc2769a1b78a27578f13a17b -> 
Editor requested this worker to shutdown with reason: Scaling down because of idle timeout
TcpMessagingSession - receive error: operation aborted. errorcode: 995, details: The I/O operation has been aborted because of either a thread exit or an application request.
AssetImportWorker is now disconnected from the server
Process exiting
Exiting without the bug reporter. Application will terminate with return code 0